C51 COMPILER V9.54   MAIN                                                                  01/30/2023 21:22:28 PAGE 1   


C51 COMPILER V9.54, COMPILATION OF MODULE MAIN
OBJECT MODULE PLACED IN .\Objects\main.obj
COMPILER INVOKED BY: C:\Keil_v5\C51\BIN\C51.EXE main.c OPTIMIZE(8,SPEED) BROWSE DEBUG OBJECTEXTEND PRINT(.\Listings\main
                    -.lst) TABS(2) OBJECT(.\Objects\main.obj)

line level    source

   1          #include <REGX52.H>
   2          #include"delay.h"
   3          #include"LCD1602.h"
   4          #include"matrixkey.h"
   5          void main ()
   6          {
   7   1         char passwd[5]={0};
   8   1          unsigned char keynumber=0;
   9   1          int i=0;
  10   1          LCD_Init();
  11   1          LCD_ShowString(1,1,"Password:");
  12   1      
  13   1         while (1)
  14   1         {
  15   2          keynumber=Matrix();
  16   2         if (keynumber)
  17   2         {
  18   3            if (keynumber<=10)
  19   3            {
  20   4               passwd[i]=keynumber%10;
  21   4               LCD_ShowNum(2,i,passwd[i],1);
  22   4             
  23   4               /* code */
  24   4            }
  25   3            
  26   3            LCD_ShowNum(2,1,keynumber,2);
  27   3          /* code */
  28   3         }
  29   2          /* code */
  30   2         }
  31   1      
  32   1      
  33   1      }


MODULE INFORMATION:   STATIC OVERLAYABLE
   CODE SIZE        =    105    ----
   CONSTANT SIZE    =     15    ----
   XDATA SIZE       =   ----    ----
   PDATA SIZE       =   ----    ----
   DATA SIZE        =   ----       8
   IDATA SIZE       =   ----    ----
   BIT SIZE         =   ----    ----
END OF MODULE INFORMATION.


C51 COMPILATION COMPLETE.  0 WARNING(S),  0 ERROR(S)
